# JRE version: Java(TM) SE Runtime Environment (13.0.2+8) (build 13.0.2+8)
# Java VM: Java HotSpot(TM) 64-Bit Server VM (13.0.2+8, mixed mode, sharing, tiered, compressed oops, g1 gc, windows-amd64)
Heap:
 garbage-first heap   total 129024K, used 35046K [0x0000000082200000, 0x0000000100000000)
  region size 1024K, 33 young (33792K), 8 survivors (8192K)
 Metaspace       used 16196K, capacity 17761K, committed 18048K, reserved 1064960K
  class space    used 1843K, capacity 2135K, committed 2176K, reserved 1048576K
GC Heap History (6 events):
Event: 0.802 GC heap before
{Heap before GC invocations=0 (full 0):
 garbage-first heap   total 129024K, used 14336K [0x0000000082200000, 0x0000000100000000)
  region size 1024K, 14 young (14336K), 0 survivors (0K)
 Metaspace       used 3784K, capacity 6876K, committed 7168K, reserved 1056768K
  class space    used 405K, capacity 721K, committed 768K, reserved 1048576K
}
Event: 0.808 GC heap after
{Heap after GC invocations=1 (full 0):
 garbage-first heap   total 129024K, used 3039K [0x0000000082200000, 0x0000000100000000)
  region size 1024K, 2 young (2048K), 2 survivors (2048K)
 Metaspace       used 3784K, capacity 6876K, committed 7168K, reserved 1056768K
  class space    used 405K, capacity 721K, committed 768K, reserved 1048576K
}
Event: 3.990 GC heap before
{Heap before GC invocations=1 (full 0):
 garbage-first heap   total 129024K, used 77791K [0x0000000082200000, 0x0000000100000000)
  region size 1024K, 75 young (76800K), 2 survivors (2048K)
 Metaspace       used 13058K, capacity 14834K, committed 15104K, reserved 1062912K
  class space    used 1517K, capacity 1758K, committed 1792K, reserved 1048576K
}
Event: 4.006 GC heap after
{Heap after GC invocations=2 (full 0):
 garbage-first heap   total 129024K, used 7287K [0x0000000082200000, 0x0000000100000000)
  region size 1024K, 7 young (7168K), 7 survivors (7168K)
 Metaspace       used 13058K, capacity 14834K, committed 15104K, reserved 1062912K
  class space    used 1517K, capacity 1758K, committed 1792K, reserved 1048576K
}
Event: 10.093 GC heap before
{Heap before GC invocations=2 (full 0):
 garbage-first heap   total 129024K, used 67703K [0x0000000082200000, 0x0000000100000000)
  region size 1024K, 66 young (67584K), 7 survivors (7168K)
 Metaspace       used 14647K, capacity 16285K, committed 16384K, reserved 1062912K
  class space    used 1669K, capacity 1966K, committed 2048K, reserved 1048576K
}
Event: 10.110 GC heap after
{Heap after GC invocations=3 (full 0):
 garbage-first heap   total 129024K, used 10470K [0x0000000082200000, 0x0000000100000000)
  region size 1024K, 8 young (8192K), 8 survivors (8192K)
 Metaspace       used 14647K, capacity 16285K, committed 16384K, reserved 1062912K
  class space    used 1669K, capacity 1966K, committed 2048K, reserved 1048576K
}

